PLINK v1.90b6.10 64-bit (17 Jun 2019)
Options in effect:
  --allow-extra-chr
  --bfile C:\Users\wrc14\Desktop\git\zcstack\output_plink\globirad3_zcstack_sequoia4p
  --out C:\Users\wrc14\Desktop\git\zcstack\output_plink\globirad3_zcstack_sequoia4p
  --recode A

Hostname: DESKTOP-ODC2OGH
Working directory: C:\Users\wrc14
Start time: Sat Aug 31 21:58:06 2019

Random number seed: 1567313886
12191 MB RAM detected; reserving 6095 MB for main workspace.
890 variants loaded from .bim file.
10 people (0 males, 0 females, 10 ambiguous) loaded from .fam.
Ambiguous sex IDs written to
C:\Users\wrc14\Desktop\git\zcstack\output_plink\globirad3_zcstack_sequoia4p.nosex
.
Using 1 thread (no multithreaded calculations invoked).
Before main variant filters, 10 founders and 0 nonfounders present.
Calculating allele frequencies... done.
Total genotyping rate is 0.881011.
890 variants and 10 people pass filters and QC.
Note: No phenotypes present.
--recode A to
C:\Users\wrc14\Desktop\git\zcstack\output_plink\globirad3_zcstack_sequoia4p.raw
... done.

End time: Sat Aug 31 21:58:06 2019
